{
  "RSpec": {
    "coverage": {
      "/Users/mackenzieleng/Desktop/turing_work/1mod/projects/night_writer/lib/night_writer.rb": {
        "lines": [
          1,
          1,
          null,
          null,
          1,
          1,
          1,
          null,
          null,
          null,
          null,
          null,
          null,
          null,
          null,
          null,
          null,
          null,
          null,
          null,
          null,
          null
        ]
      }
    },
    "timestamp": 1663986611
  }
}
