{
  "RSpec": {
    "coverage": {
      "/Users/mackenzieleng/Desktop/turing_work/1mod/projects/night_writer/lib/dictionary.rb": {
        "lines": [
          1,
          1,
          null,
          1,
          null,
          3,
          null,
          null,
          null,
          null,
          null,
          null,
          null,
          null,
          null,
          null,
          null,
          null,
          null,
          null,
          null,
          null,
          null,
          null,
          null,
          null,
          null,
          null,
          null,
          null,
          null,
          null,
          null,
          null,
          null
        ]
      },
      "/Users/mackenzieleng/Desktop/turing_work/1mod/projects/night_writer/lib/translator.rb": {
        "lines": [
          1,
          1,
          null,
          1,
          0,
          null,
          null,
          1,
          0,
          0,
          0,
          0,
          null,
          null,
          0,
          null,
          null,
          1,
          0,
          0,
          0,
          0,
          0,
          0,
          0,
          null,
          null,
          1,
          null,
          null,
          null
        ]
      }
    },
    "timestamp": 1664250249
  }
}
